2023-10-24 20:55:07,831 : INFO : test_e2e : iphone X
2023-10-24 20:55:07,841 : INFO : test_e2e : Samsung Note 8
2023-10-24 20:55:07,851 : INFO : test_e2e : Nokia Edge
2023-10-24 20:55:07,859 : INFO : test_e2e : Blackberry
2023-10-24 20:55:08,074 : INFO : test_e2e : entering Ind
2023-10-24 20:55:13,384 : INFO : test_e2e : ×
Success! Thank you! Your order will be delivered in next few weeks :-).
2023-10-24 20:55:16,341 : INFO : test_formSubmission : clicking on submit button
2023-10-24 20:55:16,430 : INFO : test_formSubmission : ×
Success! The Form has been submitted successfully!.
2023-10-24 20:55:16,896 : INFO : test_formSubmission : clicking on submit button
2023-10-24 20:55:16,896 : INFO : test_formSubmission : clicking on submit button
2023-10-24 20:55:16,967 : INFO : test_formSubmission : ×
Success! The Form has been submitted successfully!.
2023-10-24 20:55:16,967 : INFO : test_formSubmission : ×
Success! The Form has been submitted successfully!.
2023-10-24 20:57:15,047 : INFO : test_e2e : iphone X
2023-10-24 20:57:15,055 : INFO : test_e2e : Samsung Note 8
2023-10-24 20:57:15,065 : INFO : test_e2e : Nokia Edge
2023-10-24 20:57:15,072 : INFO : test_e2e : Blackberry
2023-10-24 20:57:15,262 : INFO : test_e2e : entering Ind
2023-10-24 20:57:20,611 : INFO : test_e2e : ×
Success! Thank you! Your order will be delivered in next few weeks :-).
2023-10-24 20:57:23,849 : INFO : test_formSubmission : clicking on submit button
2023-10-24 20:57:23,951 : INFO : test_formSubmission : ×
Success! The Form has been submitted successfully!.
2023-10-24 20:57:24,423 : INFO : test_formSubmission : clicking on submit button
2023-10-24 20:57:24,423 : INFO : test_formSubmission : clicking on submit button
2023-10-24 20:57:24,491 : INFO : test_formSubmission : ×
Success! The Form has been submitted successfully!.
2023-10-24 20:57:24,491 : INFO : test_formSubmission : ×
Success! The Form has been submitted successfully!.
2023-10-24 21:10:48,969 : INFO : test_e2e : iphone X
2023-10-24 21:10:48,978 : INFO : test_e2e : Samsung Note 8
2023-10-24 21:10:48,990 : INFO : test_e2e : Nokia Edge
2023-10-24 21:10:49,002 : INFO : test_e2e : Blackberry
2023-10-24 21:10:49,374 : INFO : test_e2e : entering Ind
2023-10-24 21:10:54,876 : INFO : test_e2e : ×
Success! Thank you! Your order will be delivered in next few weeks :-).
2023-10-24 21:10:58,370 : INFO : test_formSubmission : clicking on submit button
2023-10-24 21:10:58,471 : INFO : test_formSubmission : ×
Success! The Form has been submitted successfully!.
2023-10-24 21:10:59,042 : INFO : test_formSubmission : clicking on submit button
2023-10-24 21:10:59,042 : INFO : test_formSubmission : clicking on submit button
2023-10-24 21:10:59,142 : INFO : test_formSubmission : ×
Success! The Form has been submitted successfully!.
2023-10-24 21:10:59,142 : INFO : test_formSubmission : ×
Success! The Form has been submitted successfully!.
2023-10-24 21:11:26,019 : INFO : test_e2e : iphone X
2023-10-24 21:11:26,032 : INFO : test_e2e : Samsung Note 8
2023-10-24 21:11:26,043 : INFO : test_e2e : Nokia Edge
2023-10-24 21:11:26,056 : INFO : test_e2e : Blackberry
2023-10-24 21:11:26,341 : INFO : test_e2e : entering Ind
2023-10-24 21:11:31,743 : INFO : test_e2e : ×
Success! Thank you! Your order will be delivered in next few weeks :-).
2023-10-24 21:11:35,022 : INFO : test_formSubmission : clicking on submit button
2023-10-24 21:11:35,135 : INFO : test_formSubmission : ×
Success! The Form has been submitted successfully!.
2023-10-24 21:11:35,678 : INFO : test_formSubmission : clicking on submit button
2023-10-24 21:11:35,678 : INFO : test_formSubmission : clicking on submit button
2023-10-24 21:11:35,809 : INFO : test_formSubmission : ×
Success! The Form has been submitted successfully!.
2023-10-24 21:11:35,809 : INFO : test_formSubmission : ×
Success! The Form has been submitted successfully!.
2023-10-24 21:11:58,097 : INFO : test_e2e : iphone X
2023-10-24 21:11:58,108 : INFO : test_e2e : Samsung Note 8
2023-10-24 21:11:58,122 : INFO : test_e2e : Nokia Edge
2023-10-24 21:11:58,131 : INFO : test_e2e : Blackberry
2023-10-24 21:11:58,407 : INFO : test_e2e : entering Ind
2023-10-24 21:12:03,867 : INFO : test_e2e : ×
Success! Thank you! Your order will be delivered in next few weeks :-).
2023-10-24 21:12:07,370 : INFO : test_formSubmission : clicking on submit button
2023-10-24 21:12:07,523 : INFO : test_formSubmission : ×
Success! The Form has been submitted successfully!.
2023-10-24 21:12:08,028 : INFO : test_formSubmission : clicking on submit button
2023-10-24 21:12:08,028 : INFO : test_formSubmission : clicking on submit button
2023-10-24 21:12:08,123 : INFO : test_formSubmission : ×
Success! The Form has been submitted successfully!.
2023-10-24 21:12:08,123 : INFO : test_formSubmission : ×
Success! The Form has been submitted successfully!.
